@!@!@STARTMSG 2262:0 @!@!@
TLC2 Version 2.16 of 31 December 2020 (rev: cdddf55)
@!@!@ENDMSG 2262 @!@!@
@!@!@STARTMSG 2187:0 @!@!@
Running breadth-first search Model-Checking with fp 79 and seed 8213315889450838176 with 1 worker on 4 cores with 1710MB heap and 64MB offheap memory [pid: 1729000] (Linux 6.0.7-arch1-1 amd64, Oracle Corporation 17.0.1 x86_64, MSBDiskFPSet, DiskStateQueue).
@!@!@ENDMSG 2187 @!@!@
@!@!@STARTMSG 2220:0 @!@!@
Starting SANY...
@!@!@ENDMSG 2220 @!@!@
Parsing file /home/stefan/petnica-presentations/tla_plus/examples/pluscal_heartbeat/heartbeat.tla
Parsing file /tmp/TLC.tla
Parsing file /tmp/Integers.tla
Parsing file /tmp/FiniteSets.tla
Parsing file /tmp/Naturals.tla
Parsing file /tmp/Sequences.tla
Semantic processing of module Naturals
Semantic processing of module Sequences
Semantic processing of module FiniteSets
Semantic processing of module TLC
Semantic processing of module Integers
Semantic processing of module heartbeat
@!@!@STARTMSG 2219:0 @!@!@
SANY finished.
@!@!@ENDMSG 2219 @!@!@
@!@!@STARTMSG 2185:0 @!@!@
Starting... (2023-09-10 12:43:39)
@!@!@ENDMSG 2185 @!@!@
@!@!@STARTMSG 2212:0 @!@!@
Implied-temporal checking--satisfiability problem has 1 branches.
@!@!@ENDMSG 2212 @!@!@
@!@!@STARTMSG 2189:0 @!@!@
Computing initial states...
@!@!@ENDMSG 2189 @!@!@
@!@!@STARTMSG 2190:0 @!@!@
Finished computing initial states: 1 distinct state generated at 2023-09-10 12:43:40.
@!@!@ENDMSG 2190 @!@!@
@!@!@STARTMSG 2192:0 @!@!@
Checking temporal properties for the current state space with 12752 total distinct states at (2023-09-10 12:43:43)
@!@!@ENDMSG 2192 @!@!@
@!@!@STARTMSG 2116:1 @!@!@
Temporal properties were violated.

@!@!@ENDMSG 2116 @!@!@
@!@!@STARTMSG 2264:1 @!@!@
The following behavior constitutes a counter-example:

@!@!@ENDMSG 2264 @!@!@
@!@!@STARTMSG 2217:4 @!@!@
1: <Initial predicate>
/\ alive = 1..3
/\ instanceStuck = <<FALSE, FALSE, FALSE>>
/\ killed = {}
/\ pc = (0 :> "Orchestrator" @@ 1 :> "P" @@ 2 :> "P" @@ 3 :> "P")
/\ instanceOwner = <<1, 2, 3>>

@!@!@ENDMSG 2217 @!@!@
@!@!@STARTMSG 2217:4 @!@!@
2: <Orchestrator line 90, col 17 to line 95, col 78 of module heartbeat>
/\ alive = 1..3
/\ instanceStuck = <<FALSE, FALSE, FALSE>>
/\ killed = {}
/\ pc = (0 :> "RebootNode" @@ 1 :> "P" @@ 2 :> "P" @@ 3 :> "P")
/\ instanceOwner = <<1, 2, 3>>

@!@!@ENDMSG 2217 @!@!@
@!@!@STARTMSG 2217:4 @!@!@
3: <RebootNode line 97, col 15 to line 105, col 54 of module heartbeat>
/\ alive = {1, 3}
/\ instanceStuck = <<FALSE, FALSE, FALSE>>
/\ killed = {}
/\ pc = (0 :> "Orchestrator" @@ 1 :> "P" @@ 2 :> "P" @@ 3 :> "P")
/\ instanceOwner = <<1, 1, 3>>

@!@!@ENDMSG 2217 @!@!@
@!@!@STARTMSG 2217:4 @!@!@
4: <Orchestrator line 90, col 17 to line 95, col 78 of module heartbeat>
/\ alive = {1, 3}
/\ instanceStuck = <<FALSE, FALSE, FALSE>>
/\ killed = {}
/\ pc = (0 :> "RebootNode" @@ 1 :> "P" @@ 2 :> "P" @@ 3 :> "P")
/\ instanceOwner = <<1, 1, 3>>

@!@!@ENDMSG 2217 @!@!@
@!@!@STARTMSG 2217:4 @!@!@
5: <P line 59, col 12 to line 63, col 73 of module heartbeat>
/\ alive = {1, 3}
/\ instanceStuck = <<FALSE, FALSE, FALSE>>
/\ killed = {}
/\ pc = (0 :> "RebootNode" @@ 1 :> "P" @@ 2 :> "NodeDown" @@ 3 :> "P")
/\ instanceOwner = <<1, 1, 3>>

@!@!@ENDMSG 2217 @!@!@
@!@!@STARTMSG 2217:4 @!@!@
6: <RebootNode line 97, col 15 to line 105, col 54 of module heartbeat>
/\ alive = {3}
/\ instanceStuck = <<FALSE, FALSE, FALSE>>
/\ killed = {}
/\ pc = (0 :> "Orchestrator" @@ 1 :> "P" @@ 2 :> "NodeDown" @@ 3 :> "P")
/\ instanceOwner = <<3, 1, 3>>

@!@!@ENDMSG 2217 @!@!@
@!@!@STARTMSG 2217:4 @!@!@
7: <P line 59, col 12 to line 63, col 73 of module heartbeat>
/\ alive = {3}
/\ instanceStuck = <<FALSE, FALSE, FALSE>>
/\ killed = {}
/\ pc = (0 :> "Orchestrator" @@ 1 :> "NodeDown" @@ 2 :> "NodeDown" @@ 3 :> "P")
/\ instanceOwner = <<3, 1, 3>>

@!@!@ENDMSG 2217 @!@!@
@!@!@STARTMSG 2217:4 @!@!@
8: <Orchestrator line 90, col 17 to line 95, col 78 of module heartbeat>
/\ alive = {3}
/\ instanceStuck = <<FALSE, FALSE, FALSE>>
/\ killed = {}
/\ pc = (0 :> "MakeServiceStuck" @@ 1 :> "NodeDown" @@ 2 :> "NodeDown" @@ 3 :> "P")
/\ instanceOwner = <<3, 1, 3>>

@!@!@ENDMSG 2217 @!@!@
@!@!@STARTMSG 2217:4 @!@!@
9: <MakeServiceStuck line 107, col 21 to line 111, col 67 of module heartbeat>
/\ alive = {3}
/\ instanceStuck = <<FALSE, TRUE, FALSE>>
/\ killed = {}
/\ pc = (0 :> "Orchestrator" @@ 1 :> "NodeDown" @@ 2 :> "NodeDown" @@ 3 :> "P")
/\ instanceOwner = <<3, 1, 3>>

@!@!@ENDMSG 2217 @!@!@
@!@!@STARTMSG 2217:4 @!@!@
10: <Orchestrator line 90, col 17 to line 95, col 78 of module heartbeat>
/\ alive = {3}
/\ instanceStuck = <<FALSE, TRUE, FALSE>>
/\ killed = {}
/\ pc = (0 :> "MakeServiceStuck" @@ 1 :> "NodeDown" @@ 2 :> "NodeDown" @@ 3 :> "P")
/\ instanceOwner = <<3, 1, 3>>

@!@!@ENDMSG 2217 @!@!@
@!@!@STARTMSG 2217:4 @!@!@
11: <MakeServiceStuck line 107, col 21 to line 111, col 67 of module heartbeat>
/\ alive = {3}
/\ instanceStuck = <<TRUE, TRUE, FALSE>>
/\ killed = {}
/\ pc = (0 :> "Orchestrator" @@ 1 :> "NodeDown" @@ 2 :> "NodeDown" @@ 3 :> "P")
/\ instanceOwner = <<3, 1, 3>>

@!@!@ENDMSG 2217 @!@!@
@!@!@STARTMSG 2217:4 @!@!@
12: <Orchestrator line 90, col 17 to line 95, col 78 of module heartbeat>
/\ alive = {3}
/\ instanceStuck = <<TRUE, TRUE, FALSE>>
/\ killed = {}
/\ pc = (0 :> "MakeServiceStuck" @@ 1 :> "NodeDown" @@ 2 :> "NodeDown" @@ 3 :> "P")
/\ instanceOwner = <<3, 1, 3>>

@!@!@ENDMSG 2217 @!@!@
@!@!@STARTMSG 2217:4 @!@!@
13: <MakeServiceStuck line 107, col 21 to line 111, col 67 of module heartbeat>
/\ alive = {3}
/\ instanceStuck = <<TRUE, TRUE, TRUE>>
/\ killed = {}
/\ pc = (0 :> "Orchestrator" @@ 1 :> "NodeDown" @@ 2 :> "NodeDown" @@ 3 :> "P")
/\ instanceOwner = <<3, 1, 3>>

@!@!@ENDMSG 2217 @!@!@
@!@!@STARTMSG 2217:4 @!@!@
14: <P line 59, col 12 to line 63, col 73 of module heartbeat>
/\ alive = {3}
/\ instanceStuck = <<TRUE, TRUE, TRUE>>
/\ killed = {}
/\ pc = ( 0 :> "Orchestrator" @@
  1 :> "NodeDown" @@
  2 :> "NodeDown" @@
  3 :> "CheckIfStuck" )
/\ instanceOwner = <<3, 1, 3>>

@!@!@ENDMSG 2217 @!@!@
@!@!@STARTMSG 2217:4 @!@!@
15: <CheckIfStuck line 65, col 23 to line 71, col 76 of module heartbeat>
/\ alive = {3}
/\ instanceStuck = <<TRUE, TRUE, TRUE>>
/\ killed = {3}
/\ pc = ( 0 :> "Orchestrator" @@
  1 :> "NodeDown" @@
  2 :> "NodeDown" @@
  3 :> "restartService" )
/\ instanceOwner = <<3, 1, 3>>

@!@!@ENDMSG 2217 @!@!@
@!@!@STARTMSG 2217:4 @!@!@
16: <restartService line 73, col 25 to line 80, col 63 of module heartbeat>
/\ alive = {3}
/\ instanceStuck = <<TRUE, TRUE, FALSE>>
/\ killed = {}
/\ pc = (0 :> "Orchestrator" @@ 1 :> "NodeDown" @@ 2 :> "NodeDown" @@ 3 :> "P")
/\ instanceOwner = <<3, 1, 3>>

@!@!@ENDMSG 2217 @!@!@
@!@!@STARTMSG 2122:4 @!@!@
12: Back to state: <Orchestrator line 90, col 17 to line 95, col 78 of module heartbeat>

@!@!@ENDMSG 2122 @!@!@
@!@!@STARTMSG 2267:0 @!@!@
Finished checking temporal properties in 00s at 2023-09-10 12:43:43
@!@!@ENDMSG 2267 @!@!@
@!@!@STARTMSG 2201:0 @!@!@
The coverage statistics at 2023-09-10 12:43:43
@!@!@ENDMSG 2201 @!@!@
@!@!@STARTMSG 2773:0 @!@!@
<Init line 51, col 1 to line 51, col 4 of module heartbeat>: 2:2
@!@!@ENDMSG 2773 @!@!@
@!@!@STARTMSG 2221:0 @!@!@
  line 52, col 9 to line 57, col 70 of module heartbeat: 2
@!@!@ENDMSG 2221 @!@!@
@!@!@STARTMSG 2772:0 @!@!@
<P line 59, col 1 to line 59, col 7 of module heartbeat>: 4539:10036
@!@!@ENDMSG 2772 @!@!@
@!@!@STARTMSG 2221:0 @!@!@
  line 59, col 15 to line 59, col 28 of module heartbeat: 45919
@!@!@ENDMSG 2221 @!@!@
@!@!@STARTMSG 2221:0 @!@!@
  |line 59, col 15 to line 59, col 22 of module heartbeat: 35883
@!@!@ENDMSG 2221 @!@!@
@!@!@STARTMSG 2221:0 @!@!@
  line 60, col 18 to line 60, col 31 of module heartbeat: 10036
@!@!@ENDMSG 2221 @!@!@
@!@!@STARTMSG 2221:0 @!@!@
  line 61, col 23 to line 61, col 67 of module heartbeat: 5513
@!@!@ENDMSG 2221 @!@!@
@!@!@STARTMSG 2221:0 @!@!@
  line 62, col 23 to line 62, col 63 of module heartbeat: 4523
@!@!@ENDMSG 2221 @!@!@
@!@!@STARTMSG 2221:0 @!@!@
  line 63, col 15 to line 63, col 73 of module heartbeat: 10036
@!@!@ENDMSG 2221 @!@!@
@!@!@STARTMSG 2772:0 @!@!@
<CheckIfStuck line 65, col 1 to line 65, col 18 of module heartbeat>: 4583:9341
@!@!@ENDMSG 2772 @!@!@
@!@!@STARTMSG 2221:0 @!@!@
  line 65, col 26 to line 65, col 50 of module heartbeat: 45221
@!@!@ENDMSG 2221 @!@!@
@!@!@STARTMSG 2221:0 @!@!@
  |line 65, col 26 to line 65, col 33 of module heartbeat: 35880
@!@!@ENDMSG 2221 @!@!@
@!@!@STARTMSG 2221:0 @!@!@
  line 66, col 29 to line 66, col 47 of module heartbeat: 9341
@!@!@ENDMSG 2221 @!@!@
@!@!@STARTMSG 2221:0 @!@!@
  line 67, col 34 to line 67, col 66 of module heartbeat: 4340
@!@!@ENDMSG 2221 @!@!@
@!@!@STARTMSG 2221:0 @!@!@
  line 68, col 37 to line 68, col 40 of module heartbeat: 5001
@!@!@ENDMSG 2221 @!@!@
@!@!@STARTMSG 2221:0 @!@!@
  line 69, col 37 to line 69, col 52 of module heartbeat: 5001
@!@!@ENDMSG 2221 @!@!@
@!@!@STARTMSG 2221:0 @!@!@
  line 70, col 26 to line 70, col 69 of module heartbeat: 9341
@!@!@ENDMSG 2221 @!@!@
@!@!@STARTMSG 2221:0 @!@!@
  line 71, col 26 to line 71, col 76 of module heartbeat: 9341
@!@!@ENDMSG 2221 @!@!@
@!@!@STARTMSG 2772:0 @!@!@
<restartService line 73, col 1 to line 73, col 20 of module heartbeat>: 0:12225
@!@!@ENDMSG 2772 @!@!@
@!@!@STARTMSG 2221:0 @!@!@
  line 73, col 28 to line 73, col 54 of module heartbeat: 48104
@!@!@ENDMSG 2221 @!@!@
@!@!@STARTMSG 2221:0 @!@!@
  |line 73, col 28 to line 73, col 35 of module heartbeat: 35879
@!@!@ENDMSG 2221 @!@!@
@!@!@STARTMSG 2221:0 @!@!@
  line 74, col 31 to line 74, col 49 of module heartbeat: 12225
@!@!@ENDMSG 2221 @!@!@
@!@!@STARTMSG 2221:0 @!@!@
  line 75, col 36 to line 76, col 63 of module heartbeat: 7449
@!@!@ENDMSG 2221 @!@!@
@!@!@STARTMSG 2221:0 @!@!@
  line 77, col 39 to line 77, col 42 of module heartbeat: 4776
@!@!@ENDMSG 2221 @!@!@
@!@!@STARTMSG 2221:0 @!@!@
  line 78, col 39 to line 78, col 75 of module heartbeat: 4776
@!@!@ENDMSG 2221 @!@!@
@!@!@STARTMSG 2221:0 @!@!@
  line 79, col 28 to line 79, col 58 of module heartbeat: 12225
@!@!@ENDMSG 2221 @!@!@
@!@!@STARTMSG 2221:0 @!@!@
  line 80, col 28 to line 80, col 63 of module heartbeat: 12225
@!@!@ENDMSG 2221 @!@!@
@!@!@STARTMSG 2772:0 @!@!@
<NodeDown line 82, col 1 to line 82, col 14 of module heartbeat>: 0:0
@!@!@ENDMSG 2772 @!@!@
@!@!@STARTMSG 2221:0 @!@!@
  line 82, col 22 to line 82, col 42 of module heartbeat: 35878
@!@!@ENDMSG 2221 @!@!@
@!@!@STARTMSG 2221:0 @!@!@
  line 83, col 22 to line 83, col 35 of module heartbeat: 4281
@!@!@ENDMSG 2221 @!@!@
@!@!@STARTMSG 2221:0 @!@!@
  line 84, col 22 to line 84, col 52 of module heartbeat: 0
@!@!@ENDMSG 2221 @!@!@
@!@!@STARTMSG 2221:0 @!@!@
  line 85, col 22 to line 85, col 80 of module heartbeat: 0
@!@!@ENDMSG 2221 @!@!@
@!@!@STARTMSG 2772:0 @!@!@
<Orchestrator line 90, col 1 to line 90, col 12 of module heartbeat>: 2370:8444
@!@!@ENDMSG 2772 @!@!@
@!@!@STARTMSG 2221:0 @!@!@
  line 90, col 20 to line 90, col 41 of module heartbeat: 16195
@!@!@ENDMSG 2221 @!@!@
@!@!@STARTMSG 2221:0 @!@!@
  |line 90, col 20 to line 90, col 24 of module heartbeat: 11973
@!@!@ENDMSG 2221 @!@!@
@!@!@STARTMSG 2221:0 @!@!@
  line 91, col 23 to line 91, col 33 of module heartbeat: 4222
@!@!@ENDMSG 2221 @!@!@
@!@!@STARTMSG 2221:0 @!@!@
  line 92, col 28 to line 93, col 79 of module heartbeat: 4222
@!@!@ENDMSG 2221 @!@!@
@!@!@STARTMSG 2221:0 @!@!@
  line 94, col 31 to line 94, col 61 of module heartbeat: 0
@!@!@ENDMSG 2221 @!@!@
@!@!@STARTMSG 2221:0 @!@!@
  line 95, col 20 to line 95, col 78 of module heartbeat: 8444
@!@!@ENDMSG 2221 @!@!@
@!@!@STARTMSG 2772:0 @!@!@
<RebootNode line 97, col 1 to line 97, col 10 of module heartbeat>: 68:5825
@!@!@ENDMSG 2772 @!@!@
@!@!@STARTMSG 2221:0 @!@!@
  line 97, col 18 to line 97, col 37 of module heartbeat: 15843
@!@!@ENDMSG 2221 @!@!@
@!@!@STARTMSG 2221:0 @!@!@
  |line 97, col 18 to line 97, col 22 of module heartbeat: 11967
@!@!@ENDMSG 2221 @!@!@
@!@!@STARTMSG 2221:0 @!@!@
  line 98, col 21 to line 98, col 42 of module heartbeat: 3876
@!@!@ENDMSG 2221 @!@!@
@!@!@STARTMSG 2221:0 @!@!@
  line 100, col 31 to line 101, col 108 of module heartbeat: 3554
@!@!@ENDMSG 2221 @!@!@
@!@!@STARTMSG 2221:0 @!@!@
  line 99, col 38 to line 99, col 42 of module heartbeat: 1605
@!@!@ENDMSG 2221 @!@!@
@!@!@STARTMSG 2221:0 @!@!@
  line 102, col 29 to line 102, col 32 of module heartbeat: 2271
@!@!@ENDMSG 2221 @!@!@
@!@!@STARTMSG 2221:0 @!@!@
  line 103, col 29 to line 103, col 64 of module heartbeat: 2271
@!@!@ENDMSG 2221 @!@!@
@!@!@STARTMSG 2221:0 @!@!@
  line 104, col 18 to line 104, col 56 of module heartbeat: 5825
@!@!@ENDMSG 2221 @!@!@
@!@!@STARTMSG 2221:0 @!@!@
  line 105, col 18 to line 105, col 54 of module heartbeat: 5825
@!@!@ENDMSG 2221 @!@!@
@!@!@STARTMSG 2772:0 @!@!@
<MakeServiceStuck line 107, col 1 to line 107, col 16 of module heartbeat>: 1191:11625
@!@!@ENDMSG 2772 @!@!@
@!@!@STARTMSG 2221:0 @!@!@
  line 107, col 24 to line 107, col 49 of module heartbeat: 15840
@!@!@ENDMSG 2221 @!@!@
@!@!@STARTMSG 2221:0 @!@!@
  |line 107, col 24 to line 107, col 28 of module heartbeat: 11965
@!@!@ENDMSG 2221 @!@!@
@!@!@STARTMSG 2221:0 @!@!@
  line 109, col 26 to line 109, col 76 of module heartbeat: 11625
@!@!@ENDMSG 2221 @!@!@
@!@!@STARTMSG 2221:0 @!@!@
  line 108, col 33 to line 108, col 36 of module heartbeat: 3875
@!@!@ENDMSG 2221 @!@!@
@!@!@STARTMSG 2221:0 @!@!@
  line 110, col 24 to line 110, col 62 of module heartbeat: 11625
@!@!@ENDMSG 2221 @!@!@
@!@!@STARTMSG 2221:0 @!@!@
  line 111, col 24 to line 111, col 67 of module heartbeat: 11625
@!@!@ENDMSG 2221 @!@!@
@!@!@STARTMSG 2772:0 @!@!@
<Terminating line 116, col 1 to line 116, col 11 of module heartbeat>: 0:0
@!@!@ENDMSG 2772 @!@!@
@!@!@STARTMSG 2221:0 @!@!@
  line 116, col 19 to line 116, col 56 of module heartbeat: 11957
@!@!@ENDMSG 2221 @!@!@
@!@!@STARTMSG 2221:0 @!@!@
  line 117, col 19 to line 117, col 32 of module heartbeat: 0
@!@!@ENDMSG 2221 @!@!@
@!@!@STARTMSG 2202:0 @!@!@
End of statistics.
@!@!@ENDMSG 2202 @!@!@
@!@!@STARTMSG 2200:0 @!@!@
Progress(16) at 2023-09-10 12:43:43: 57,325 states generated (731,497 s/min), 12,752 distinct states found (162,722 ds/min), 821 states left on queue.
@!@!@ENDMSG 2200 @!@!@
@!@!@STARTMSG 2199:0 @!@!@
57325 states generated, 12752 distinct states found, 821 states left on queue.
@!@!@ENDMSG 2199 @!@!@
@!@!@STARTMSG 2186:0 @!@!@
Finished in 4708ms at (2023-09-10 12:43:43)
@!@!@ENDMSG 2186 @!@!@
