@!@!@STARTMSG 2262:0 @!@!@
TLC2 Version 2.16 of 31 December 2020 (rev: cdddf55)
@!@!@ENDMSG 2262 @!@!@
@!@!@STARTMSG 2187:0 @!@!@
Running breadth-first search Model-Checking with fp 81 and seed 3361209123833559880 with 1 worker on 4 cores with 1710MB heap and 64MB offheap memory [pid: 1780024] (Linux 6.0.7-arch1-1 amd64, Oracle Corporation 17.0.1 x86_64, MSBDiskFPSet, DiskStateQueue).
@!@!@ENDMSG 2187 @!@!@
@!@!@STARTMSG 2220:0 @!@!@
Starting SANY...
@!@!@ENDMSG 2220 @!@!@
Parsing file /home/stefan/data/Development/tlaplus-lab/die-hard/die-hard.tla

Fatal errors while parsing TLA+ spec in file die-hard

tla2sany.semantic.AbortException
*** Abort messages: 1

Unknown location

File name 'die-hard' does not match the name 'diehard' of the top level module it contains.


@!@!@STARTMSG 2219:0 @!@!@
SANY finished.
@!@!@ENDMSG 2219 @!@!@
@!@!@STARTMSG 2185:0 @!@!@
Starting... (2023-04-16 03:00:53)
@!@!@ENDMSG 2185 @!@!@
@!@!@STARTMSG 3002:1 @!@!@
Parsing or semantic analysis failed.
@!@!@ENDMSG 3002 @!@!@
@!@!@STARTMSG 2186:0 @!@!@
Finished in 370ms at (2023-04-16 03:00:53)
@!@!@ENDMSG 2186 @!@!@
